Using pre-set license
Built from '2021.3/staging' branch; Version is '2021.3.14f1 (eee1884e7226) revision 15655304'; Using compiler version '192829333'; Build Type 'Release'
OS: 'Windows 10  (10.0.19045) 64bit Professional' Language: 'tr' Physical Memory: 16226 MB
BatchMode: 1, IsHumanControllingUs: 0, StartBugReporterOnCrash: 0, Is64bit: 1, IsPro: 1

COMMAND LINE ARGUMENTS:
D:\Unity\2021.3.14f1\Editor\Unity.exe
-adb2
-batchMode
-noUpm
-name
AssetImportWorker6
-projectPath
D:/desktop/Onur Akyıldız/UnityGames/Need for Raven
-logFile
Logs/AssetImportWorker6.log
-srvPort
56123
Successfully changed project path to: D:/desktop/Onur Akyıldız/UnityGames/Need for Raven
D:/desktop/Onur Akyıldız/UnityGames/Need for Raven
[UnityMemory] Configuration Parameters - Can be set up in boot.config
    "memorysetup-bucket-allocator-granularity=16"
    "memorysetup-bucket-allocator-bucket-count=8"
    "memorysetup-bucket-allocator-block-size=33554432"
    "memorysetup-bucket-allocator-block-count=8"
    "memorysetup-main-allocator-block-size=16777216"
    "memorysetup-thread-allocator-block-size=16777216"
    "memorysetup-gfx-main-allocator-block-size=16777216"
    "memorysetup-gfx-thread-allocator-block-size=16777216"
    "memorysetup-cache-allocator-block-size=4194304"
    "memorysetup-typetree-allocator-block-size=2097152"
    "memorysetup-profiler-bucket-allocator-granularity=16"
    "memorysetup-profiler-bucket-allocator-bucket-count=8"
    "memorysetup-profiler-bucket-allocator-block-size=33554432"
    "memorysetup-profiler-bucket-allocator-block-count=8"
    "memorysetup-profiler-allocator-block-size=16777216"
    "memorysetup-profiler-editor-allocator-block-size=1048576"
    "memorysetup-temp-allocator-size-main=16777216"
    "memorysetup-job-temp-allocator-block-size=2097152"
    "memorysetup-job-temp-allocator-block-size-background=1048576"
    "memorysetup-job-temp-allocator-reduction-small-platforms=262144"
    "memorysetup-temp-allocator-size-background-worker=32768"
    "memorysetup-temp-allocator-size-job-worker=262144"
    "memorysetup-temp-allocator-size-preload-manager=33554432"
    "memorysetup-temp-allocator-size-nav-mesh-worker=65536"
    "memorysetup-temp-allocator-size-audio-worker=65536"
    "memorysetup-temp-allocator-size-cloud-worker=32768"
    "memorysetup-temp-allocator-size-gi-baking-worker=262144"
    "memorysetup-temp-allocator-size-gfx=262144"
Refreshing native plugins compatible for Editor in 85.53 ms, found 3 plugins.
Preloading 0 native plugins for Editor in 0.00 ms.
Initialize engine version: 2021.3.14f1 (eee1884e7226)
[Subsystems] Discovering subsystems at path D:/Unity/2021.3.14f1/Editor/Data/Resources/UnitySubsystems
[Subsystems] Discovering subsystems at path D:/desktop/Onur Akyıldız/UnityGames/Need for Raven/Assets
GfxDevice: creating device client; threaded=0; jobified=0
Direct3D:
    Version:  Direct3D 11.0 [level 11.1]
    Renderer: NVIDIA GeForce GTX 1050 Ti (ID=0x1c8c)
    Vendor:   NVIDIA
    VRAM:     4018 MB
    Driver:   30.0.15.1169
Initialize mono
Mono path[0] = 'D:/Unity/2021.3.14f1/Editor/Data/Managed'
Mono path[1] = 'D:/Unity/2021.3.14f1/Editor/Data/MonoBleedingEdge/lib/mono/unityjit-win32'
Mono config path = 'D:/Unity/2021.3.14f1/Editor/Data/MonoBleedingEdge/etc'
Using monoOptions --debugger-agent=transport=dt_socket,embedding=1,server=y,suspend=n,address=127.0.0.1:56344
Begin MonoManager ReloadAssembly
Registering precompiled unity dll's ...
Register platform support module: D:/Unity/2021.3.14f1/Editor/Data/PlaybackEngines/WebGLSupport/UnityEditor.WebGL.Extensions.dll
Register platform support module: D:/Unity/2021.3.14f1/Editor/Data/PlaybackEngines/WindowsStandaloneSupport/UnityEditor.WindowsStandalone.Extensions.dll
Registered in 0.002910 seconds.
Native extension for WindowsStandalone target not found
Native extension for WebGL target not found
Refreshing native plugins compatible for Editor in 82.76 ms, found 3 plugins.
Preloading 0 native plugins for Editor in 0.00 ms.
Mono: successfully reloaded assembly
- Completed reload, in  0.604 seconds
Domain Reload Profiling:
	ReloadAssembly (605ms)
		BeginReloadAssembly (65ms)
			ExecutionOrderSort (0ms)
			DisableScriptedObjects (0ms)
			BackupInstance (0ms)
			ReleaseScriptingObjects (0ms)
			CreateAndSetChildDomain (1ms)
		EndReloadAssembly (441ms)
			LoadAssemblies (64ms)
			RebuildTransferFunctionScriptingTraits (0ms)
			SetupTypeCache (102ms)
			ReleaseScriptCaches (0ms)
			RebuildScriptCaches (26ms)
			SetupLoadedEditorAssemblies (268ms)
				LogAssemblyErrors (0ms)
				InitializePlatformSupportModulesInManaged (7ms)
				SetLoadedEditorAssemblies (0ms)
				RefreshPlugins (83ms)
				BeforeProcessingInitializeOnLoad (1ms)
				ProcessInitializeOnLoadAttributes (131ms)
				ProcessInitializeOnLoadMethodAttributes (46ms)
				AfterProcessingInitializeOnLoad (0ms)
				EditorAssembliesLoaded (0ms)
			ExecutionOrderSort2 (0ms)
			AwakeInstancesAfterBackupRestoration (0ms)
Platform modules already initialized, skipping
Registering precompiled user dll's ...
Registered in 0.004324 seconds.
Begin MonoManager ReloadAssembly
Symbol file LoadedFromMemory doesn't match image D:\desktop\Onur Akyıldız\UnityGames\Need for Raven\Library\PackageCache\com.unity.visualscripting@1.7.8\Editor\VisualScripting.Core\Dependencies\YamlDotNet\Unity.VisualScripting.YamlDotNet.dll
Symbol file LoadedFromMemory doesn't match image D:\desktop\Onur Akyıldız\UnityGames\Need for Raven\Library\PackageCache\com.unity.visualscripting@1.7.8\Editor\VisualScripting.Core\Dependencies\DotNetZip\Unity.VisualScripting.IonicZip.dll
Native extension for WindowsStandalone target not found
Native extension for WebGL target not found
Refreshing native plugins compatible for Editor in 0.55 ms, found 3 plugins.
Preloading 0 native plugins for Editor in 0.00 ms.
Mono: successfully reloaded assembly
- Completed reload, in  0.949 seconds
Domain Reload Profiling:
	ReloadAssembly (950ms)
		BeginReloadAssembly (99ms)
			ExecutionOrderSort (0ms)
			DisableScriptedObjects (6ms)
			BackupInstance (0ms)
			ReleaseScriptingObjects (0ms)
			CreateAndSetChildDomain (19ms)
		EndReloadAssembly (742ms)
			LoadAssemblies (72ms)
			RebuildTransferFunctionScriptingTraits (0ms)
			SetupTypeCache (266ms)
			ReleaseScriptCaches (1ms)
			RebuildScriptCaches (49ms)
			SetupLoadedEditorAssemblies (319ms)
				LogAssemblyErrors (0ms)
				InitializePlatformSupportModulesInManaged (5ms)
				SetLoadedEditorAssemblies (0ms)
				RefreshPlugins (1ms)
				BeforeProcessingInitializeOnLoad (79ms)
				ProcessInitializeOnLoadAttributes (208ms)
				ProcessInitializeOnLoadMethodAttributes (23ms)
				AfterProcessingInitializeOnLoad (3ms)
				EditorAssembliesLoaded (0ms)
			ExecutionOrderSort2 (0ms)
			AwakeInstancesAfterBackupRestoration (6ms)
Platform modules already initialized, skipping
========================================================================
Worker process is ready to serve import requests
Launched and connected shader compiler UnityShaderCompiler.exe after 0.04 seconds
Refreshing native plugins compatible for Editor in 0.60 ms, found 3 plugins.
Preloading 0 native plugins for Editor in 0.00 ms.
Unloading 3390 Unused Serialized files (Serialized files now loaded: 0)
Unloading 27 unused Assets / (114.1 KB). Loaded Objects now: 3851.
Memory consumption went from 119.3 MB to 119.2 MB.
Total: 3.453700 ms (FindLiveObjects: 0.356900 ms CreateObjectMapping: 0.242800 ms MarkObjects: 2.736500 ms  DeleteObjects: 0.116300 ms)

AssetImportParameters requested are different than current active one (requested -> active):
  custom:video-decoder-ogg-theora: a1e56fd34408186e4bbccfd4996cb3dc -> 
  custom:container-muxer-webm: aa71ff27fc2769a1b78a27578f13a17b -> 
  custom:container-demuxer-webm: 4f35f7cbe854078d1ac9338744f61a02 -> 
  custom:video-encoder-webm-vp8: eb34c28f22e8b96e1ab97ce403110664 -> 
  custom:audio-encoder-webm-vorbis: bf7c407c2cedff20999df2af8eb42d56 -> 
  custom:framework-win-MediaFoundation: 216162199b28c13a410421893ffa2e32 -> 
  custom:container-demuxer-ogg: 62fdf1f143b41e24485cea50d1cbac27 -> 
  custom:video-decoder-webm-vp8: 9c59270c3fd7afecdb556c50c9e8de78 -> 
  custom:audio-decoder-ogg-vorbis: bf7c407c2cedff20999df2af8eb42d56 -> 
========================================================================
Received Import Request.
  Time since last request: 31747.038304 seconds.
  path: Assets/cars/Best Sports CARS - Pro 3D Models/Main/Meshes/Materials/Numbers_License_Plate/Eu_Number_0.mat
  artifactKey: Guid(a4897b9f9aaf6e94d9a3a6ef8793bb71) Importer(815301076,1909f56bfc062723c751e8b465ee728b)
Start importing Assets/cars/Best Sports CARS - Pro 3D Models/Main/Meshes/Materials/Numbers_License_Plate/Eu_Number_0.mat using Guid(a4897b9f9aaf6e94d9a3a6ef8793bb71) Importer(815301076,1909f56bfc062723c751e8b465ee728b)  -> (artifact id: 'a80aa53f9eac05790bb981c49b8ffdfd') in 0.172023 seconds 
========================================================================
Received Import Request.
  Time since last request: 0.000036 seconds.
  path: Assets/cars/Best Sports CARS - Pro 3D Models/Main/Meshes/Materials/Numbers_License_Plate/Usa_Number_L.mat
  artifactKey: Guid(31c29775e49854e45a2f93972a90ee3d) Importer(815301076,1909f56bfc062723c751e8b465ee728b)
Start importing Assets/cars/Best Sports CARS - Pro 3D Models/Main/Meshes/Materials/Numbers_License_Plate/Usa_Number_L.mat using Guid(31c29775e49854e45a2f93972a90ee3d) Importer(815301076,1909f56bfc062723c751e8b465ee728b)  -> (artifact id: 'e83b3f99b63a98e448234e4e3b256e93') in 0.014241 seconds 
========================================================================
Received Import Request.
  Time since last request: 0.000035 seconds.
  path: Assets/cars/Best Sports CARS - Pro 3D Models/Main/Meshes/Materials/Numbers_License_Plate/Usa_Number_C.mat
  artifactKey: Guid(002f215f60accff45be2451ca0dbf1c1) Importer(815301076,1909f56bfc062723c751e8b465ee728b)
Start importing Assets/cars/Best Sports CARS - Pro 3D Models/Main/Meshes/Materials/Numbers_License_Plate/Usa_Number_C.mat using Guid(002f215f60accff45be2451ca0dbf1c1) Importer(815301076,1909f56bfc062723c751e8b465ee728b)  -> (artifact id: '88045280c3413fd24c021ab0c56d2ec9') in 0.014365 seconds 
========================================================================
Received Import Request.
  Time since last request: 0.000018 seconds.
  path: Assets/cars/Best Sports CARS - Pro 3D Models/Main/Meshes/Materials/Numbers_License_Plate/Usa_Number_3.mat
  artifactKey: Guid(aeba23b0a24339f4490a5e956c3b4296) Importer(815301076,1909f56bfc062723c751e8b465ee728b)
Start importing Assets/cars/Best Sports CARS - Pro 3D Models/Main/Meshes/Materials/Numbers_License_Plate/Usa_Number_3.mat using Guid(aeba23b0a24339f4490a5e956c3b4296) Importer(815301076,1909f56bfc062723c751e8b465ee728b)  -> (artifact id: '3827d88339c3515f51673bef4fd7f562') in 0.013619 seconds 
========================================================================
Received Import Request.
  Time since last request: 0.000022 seconds.
  path: Assets/cars/Best Sports CARS - Pro 3D Models/Main/Meshes/Materials/Numbers_License_Plate/Eu_Number_F.mat
  artifactKey: Guid(ac7b1d966e243384d88de65c7061ed6a) Importer(815301076,1909f56bfc062723c751e8b465ee728b)
Start importing Assets/cars/Best Sports CARS - Pro 3D Models/Main/Meshes/Materials/Numbers_License_Plate/Eu_Number_F.mat using Guid(ac7b1d966e243384d88de65c7061ed6a) Importer(815301076,1909f56bfc062723c751e8b465ee728b)  -> (artifact id: '1bec4634efb69422515d230e3a3b3c6f') in 0.013671 seconds 
========================================================================
Received Import Request.
  Time since last request: 0.000018 seconds.
  path: Assets/cars/Best Sports CARS - Pro 3D Models/Main/Meshes/Materials/Numbers_License_Plate/Usa_Number_Q.mat
  artifactKey: Guid(37ef16690c981a143bcdf9d000ec7a24) Importer(815301076,1909f56bfc062723c751e8b465ee728b)
Start importing Assets/cars/Best Sports CARS - Pro 3D Models/Main/Meshes/Materials/Numbers_License_Plate/Usa_Number_Q.mat using Guid(37ef16690c981a143bcdf9d000ec7a24) Importer(815301076,1909f56bfc062723c751e8b465ee728b)  -> (artifact id: 'd15e7f2c45b23507bfaf20fb768c1a9f') in 0.014847 seconds 
========================================================================
Received Import Request.
  Time since last request: 0.000021 seconds.
  path: Assets/cars/Best Sports CARS - Pro 3D Models/Main/Meshes/Materials/Numbers_License_Plate/Eu_Number_T.mat
  artifactKey: Guid(3d73aad28c3ae5b4faae93a07bed129e) Importer(815301076,1909f56bfc062723c751e8b465ee728b)
Start importing Assets/cars/Best Sports CARS - Pro 3D Models/Main/Meshes/Materials/Numbers_License_Plate/Eu_Number_T.mat using Guid(3d73aad28c3ae5b4faae93a07bed129e) Importer(815301076,1909f56bfc062723c751e8b465ee728b)  -> (artifact id: 'b867f3b28f290a45683bb80eb7c1d79c') in 0.013652 seconds 
========================================================================
Received Import Request.
  Time since last request: 0.000043 seconds.
  path: Assets/cars/Best Sports CARS - Pro 3D Models/Main/Meshes/Materials/Numbers_License_Plate/Eu_Number_6.mat
  artifactKey: Guid(d160598b65d355e4c8dbde0974fcc527) Importer(815301076,1909f56bfc062723c751e8b465ee728b)
Start importing Assets/cars/Best Sports CARS - Pro 3D Models/Main/Meshes/Materials/Numbers_License_Plate/Eu_Number_6.mat using Guid(d160598b65d355e4c8dbde0974fcc527) Importer(815301076,1909f56bfc062723c751e8b465ee728b)  -> (artifact id: '109046930dbeefbea071690f4808a5a6') in 0.014569 seconds 
========================================================================
Received Import Request.
  Time since last request: 0.000024 seconds.
  path: Assets/cars/Best Sports CARS - Pro 3D Models/Main/Meshes/Materials/Numbers_License_Plate/Usa_Number_A.mat
  artifactKey: Guid(821880cdb5b22ae4b8b92bc3f196e3c0) Importer(815301076,1909f56bfc062723c751e8b465ee728b)
Start importing Assets/cars/Best Sports CARS - Pro 3D Models/Main/Meshes/Materials/Numbers_License_Plate/Usa_Number_A.mat using Guid(821880cdb5b22ae4b8b92bc3f196e3c0) Importer(815301076,1909f56bfc062723c751e8b465ee728b)  -> (artifact id: 'ad4499a9c928b41160b7fa6d55a16cf8') in 0.017554 seconds 
========================================================================
Received Import Request.
  Time since last request: 0.000021 seconds.
  path: Assets/cars/Best Sports CARS - Pro 3D Models/Main/Meshes/Materials/Numbers_License_Plate/Eu_Number_M.mat
  artifactKey: Guid(d97331bb562e1b14badc51ad36f2e55c) Importer(815301076,1909f56bfc062723c751e8b465ee728b)
Start importing Assets/cars/Best Sports CARS - Pro 3D Models/Main/Meshes/Materials/Numbers_License_Plate/Eu_Number_M.mat using Guid(d97331bb562e1b14badc51ad36f2e55c) Importer(815301076,1909f56bfc062723c751e8b465ee728b)  -> (artifact id: '1bc5d639abd69fc23da8f243e43dc10c') in 0.014766 seconds 
========================================================================
Received Import Request.
  Time since last request: 0.000022 seconds.
  path: Assets/cars/Best Sports CARS - Pro 3D Models/Main/Meshes/Materials/Numbers_License_Plate/Eu_Number_H.mat
  artifactKey: Guid(fcac1c483fda6f94ca7c85597861ed18) Importer(815301076,1909f56bfc062723c751e8b465ee728b)
Start importing Assets/cars/Best Sports CARS - Pro 3D Models/Main/Meshes/Materials/Numbers_License_Plate/Eu_Number_H.mat using Guid(fcac1c483fda6f94ca7c85597861ed18) Importer(815301076,1909f56bfc062723c751e8b465ee728b)  -> (artifact id: '90c00a7c739e351ec590cdefa7eeb971') in 0.015819 seconds 
========================================================================
Received Import Request.
  Time since last request: 0.000031 seconds.
  path: Assets/cars/Best Sports CARS - Pro 3D Models/Main/Meshes/Materials/Numbers_License_Plate/Eu_Number_I.mat
  artifactKey: Guid(d355517730750bb4c9dc9332a941d2d9) Importer(815301076,1909f56bfc062723c751e8b465ee728b)
Start importing Assets/cars/Best Sports CARS - Pro 3D Models/Main/Meshes/Materials/Numbers_License_Plate/Eu_Number_I.mat using Guid(d355517730750bb4c9dc9332a941d2d9) Importer(815301076,1909f56bfc062723c751e8b465ee728b)  -> (artifact id: '7fbb6554a1237968c2917ee7b938f209') in 0.016271 seconds 
========================================================================
Received Import Request.
  Time since last request: 0.000062 seconds.
  path: Assets/cars/Best Sports CARS - Pro 3D Models/Main/Meshes/Materials/Numbers_License_Plate/Usa_Number_N.mat
  artifactKey: Guid(1528ceb152eef0a4da7305d787a23035) Importer(815301076,1909f56bfc062723c751e8b465ee728b)
Start importing Assets/cars/Best Sports CARS - Pro 3D Models/Main/Meshes/Materials/Numbers_License_Plate/Usa_Number_N.mat using Guid(1528ceb152eef0a4da7305d787a23035) Importer(815301076,1909f56bfc062723c751e8b465ee728b)  -> (artifact id: '953e2b1802ed009cea3cc65868e7bce4') in 0.016505 seconds 
========================================================================
Received Import Request.
  Time since last request: 0.000042 seconds.
  path: Assets/cars/Best Sports CARS - Pro 3D Models/Main/Meshes/Materials/Numbers_License_Plate/Usa_Number_R.mat
  artifactKey: Guid(7001606052c4dc94e9323a49442a2692) Importer(815301076,1909f56bfc062723c751e8b465ee728b)
Start importing Assets/cars/Best Sports CARS - Pro 3D Models/Main/Meshes/Materials/Numbers_License_Plate/Usa_Number_R.mat using Guid(7001606052c4dc94e9323a49442a2692) Importer(815301076,1909f56bfc062723c751e8b465ee728b)  -> (artifact id: 'f8cc54c3f19bb10f2ebfc74b567a2d67') in 0.015209 seconds 
========================================================================
Received Import Request.
  Time since last request: 0.000027 seconds.
  path: Assets/cars/Best Sports CARS - Pro 3D Models/Main/Meshes/Materials/Numbers_License_Plate/Usa_Number_D.mat
  artifactKey: Guid(c744aeefb38b086429d2425996b29b21) Importer(815301076,1909f56bfc062723c751e8b465ee728b)
Start importing Assets/cars/Best Sports CARS - Pro 3D Models/Main/Meshes/Materials/Numbers_License_Plate/Usa_Number_D.mat using Guid(c744aeefb38b086429d2425996b29b21) Importer(815301076,1909f56bfc062723c751e8b465ee728b)  -> (artifact id: '5ab338753025d1c1c39a6c69ed49b429') in 0.016139 seconds 
========================================================================
Received Import Request.
  Time since last request: 0.000026 seconds.
  path: Assets/cars/Best Sports CARS - Pro 3D Models/Main/Meshes/Materials/Numbers_License_Plate/Eu_Number_W.mat
  artifactKey: Guid(12b56126643da6144ace9de79215fadf) Importer(815301076,1909f56bfc062723c751e8b465ee728b)
Start importing Assets/cars/Best Sports CARS - Pro 3D Models/Main/Meshes/Materials/Numbers_License_Plate/Eu_Number_W.mat using Guid(12b56126643da6144ace9de79215fadf) Importer(815301076,1909f56bfc062723c751e8b465ee728b)  -> (artifact id: '4d4ecbf68a06c4ed3ece37b0f8680fe0') in 0.016094 seconds 
========================================================================
Received Import Request.
  Time since last request: 0.000022 seconds.
  path: Assets/cars/Best Sports CARS - Pro 3D Models/Main/Meshes/Materials/Numbers_License_Plate/Usa_Number_-.mat
  artifactKey: Guid(923c51bc30b7e2e4b8d32d2ad3dd257d) Importer(815301076,1909f56bfc062723c751e8b465ee728b)
Start importing Assets/cars/Best Sports CARS - Pro 3D Models/Main/Meshes/Materials/Numbers_License_Plate/Usa_Number_-.mat using Guid(923c51bc30b7e2e4b8d32d2ad3dd257d) Importer(815301076,1909f56bfc062723c751e8b465ee728b)  -> (artifact id: 'e95f36fc7593a3d329626a4568378c37') in 0.018954 seconds 
========================================================================
Received Import Request.
  Time since last request: 0.000134 seconds.
  path: Assets/cars/Best Sports CARS - Pro 3D Models/Main/Meshes/Materials/Numbers_License_Plate/Eu_Number_8.mat
  artifactKey: Guid(06ae0c5992fcca54195466ed3249e1af) Importer(815301076,1909f56bfc062723c751e8b465ee728b)
Start importing Assets/cars/Best Sports CARS - Pro 3D Models/Main/Meshes/Materials/Numbers_License_Plate/Eu_Number_8.mat using Guid(06ae0c5992fcca54195466ed3249e1af) Importer(815301076,1909f56bfc062723c751e8b465ee728b)  -> (artifact id: 'bea9b4c50bd6c2e6779e40f4785e6ed5') in 0.018346 seconds 
========================================================================
Received Import Request.
  Time since last request: 0.000053 seconds.
  path: Assets/cars/Best Sports CARS - Pro 3D Models/Main/Meshes/Materials/Numbers_License_Plate/Eu_Number_B.mat
  artifactKey: Guid(1597301e6e058794fbee2ca43e9defd0) Importer(815301076,1909f56bfc062723c751e8b465ee728b)
Start importing Assets/cars/Best Sports CARS - Pro 3D Models/Main/Meshes/Materials/Numbers_License_Plate/Eu_Number_B.mat using Guid(1597301e6e058794fbee2ca43e9defd0) Importer(815301076,1909f56bfc062723c751e8b465ee728b)  -> (artifact id: 'c666dc676424729df1a37ece9ae12c47') in 0.020085 seconds 
========================================================================
Received Import Request.
  Time since last request: 19.281701 seconds.
  path: Assets/cars/Best Sports CARS - Pro 3D Models/Vehicle/SportCar20/Meshes/Materials/BodyAlbedo.mat
  artifactKey: Guid(6e3df92b52926d449842ad9475ee73a3) Importer(815301076,1909f56bfc062723c751e8b465ee728b)
Start importing Assets/cars/Best Sports CARS - Pro 3D Models/Vehicle/SportCar20/Meshes/Materials/BodyAlbedo.mat using Guid(6e3df92b52926d449842ad9475ee73a3) Importer(815301076,1909f56bfc062723c751e8b465ee728b)  -> (artifact id: '258ede87f46b6b05664d3b2f34ea3ea0') in 0.065349 seconds 
========================================================================
Received Import Request.
  Time since last request: 0.000023 seconds.
  path: Assets/cars/Best Sports CARS - Pro 3D Models/Vehicle/SportCar20/Meshes/Materials/Usa_Number_6.mat
  artifactKey: Guid(bef95103f6f992340a79558c6d47e452) Importer(815301076,1909f56bfc062723c751e8b465ee728b)
Start importing Assets/cars/Best Sports CARS - Pro 3D Models/Vehicle/SportCar20/Meshes/Materials/Usa_Number_6.mat using Guid(bef95103f6f992340a79558c6d47e452) Importer(815301076,1909f56bfc062723c751e8b465ee728b)  -> (artifact id: '32d3eaf04c6871e1442a6a101fb58d99') in 0.014764 seconds 
========================================================================
Received Import Request.
  Time since last request: 0.000026 seconds.
  path: Assets/cars/Best Sports CARS - Pro 3D Models/Vehicle/SportCar20/Meshes/Materials/Usa_Number_5.mat
  artifactKey: Guid(cd0f644a3537fc14f814bd5974c2d48b) Importer(815301076,1909f56bfc062723c751e8b465ee728b)
Start importing Assets/cars/Best Sports CARS - Pro 3D Models/Vehicle/SportCar20/Meshes/Materials/Usa_Number_5.mat using Guid(cd0f644a3537fc14f814bd5974c2d48b) Importer(815301076,1909f56bfc062723c751e8b465ee728b)  -> (artifact id: '4b9e8c8a43dc968b48010e1673a99c2f') in 0.015773 seconds 
========================================================================
Received Import Request.
  Time since last request: 0.000034 seconds.
  path: Assets/cars/Best Sports CARS - Pro 3D Models/Vehicle/SportCar20/Meshes/Materials/Glass.mat
  artifactKey: Guid(30d0eba5f4d2b3a43a11d22198e57a64) Importer(815301076,1909f56bfc062723c751e8b465ee728b)
Start importing Assets/cars/Best Sports CARS - Pro 3D Models/Vehicle/SportCar20/Meshes/Materials/Glass.mat using Guid(30d0eba5f4d2b3a43a11d22198e57a64) Importer(815301076,1909f56bfc062723c751e8b465ee728b)  -> (artifact id: '24bfc3c34bcfe4b6a49e192bae54ddc4') in 0.031431 seconds 
========================================================================
Received Import Request.
  Time since last request: 0.000061 seconds.
  path: Assets/cars/Best Sports CARS - Pro 3D Models/Vehicle/SportCar20/Meshes/Materials/LicensePlateEuAlbedo.mat
  artifactKey: Guid(db99a13ef60c2704394ad0f69f588b4f) Importer(815301076,1909f56bfc062723c751e8b465ee728b)
Start importing Assets/cars/Best Sports CARS - Pro 3D Models/Vehicle/SportCar20/Meshes/Materials/LicensePlateEuAlbedo.mat using Guid(db99a13ef60c2704394ad0f69f588b4f) Importer(815301076,1909f56bfc062723c751e8b465ee728b)  -> (artifact id: '469b798b23b46f5acb28abf47a7348ac') in 0.017552 seconds 
========================================================================
Received Import Request.
  Time since last request: 0.000025 seconds.
  path: Assets/cars/Best Sports CARS - Pro 3D Models/Vehicle/SportCar20/Meshes/Materials/Number_5.mat
  artifactKey: Guid(a764aee1e3db4ff45a455e718b72aedb) Importer(815301076,1909f56bfc062723c751e8b465ee728b)
Start importing Assets/cars/Best Sports CARS - Pro 3D Models/Vehicle/SportCar20/Meshes/Materials/Number_5.mat using Guid(a764aee1e3db4ff45a455e718b72aedb) Importer(815301076,1909f56bfc062723c751e8b465ee728b)  -> (artifact id: 'd9ca84a3614c8e9b0068bfd9cb3191d4') in 0.012854 seconds 
========================================================================
Received Import Request.
  Time since last request: 0.000023 seconds.
  path: Assets/cars/Best Sports CARS - Pro 3D Models/Vehicle/SportCar20/Meshes/Materials/Usa_Number_7.mat
  artifactKey: Guid(49de8ac77e72386488f51f1f55ef2af6) Importer(815301076,1909f56bfc062723c751e8b465ee728b)
Start importing Assets/cars/Best Sports CARS - Pro 3D Models/Vehicle/SportCar20/Meshes/Materials/Usa_Number_7.mat using Guid(49de8ac77e72386488f51f1f55ef2af6) Importer(815301076,1909f56bfc062723c751e8b465ee728b)  -> (artifact id: 'cadf63ebfb2880f470e95b45d36935b6') in 0.014665 seconds 
========================================================================
Received Import Request.
  Time since last request: 0.000021 seconds.
  path: Assets/cars/Best Sports CARS - Pro 3D Models/Vehicle/SportCar20/Meshes/Materials/Usa_Number_3.mat
  artifactKey: Guid(062a23b74c9d54a40af8bd76e35e1b57) Importer(815301076,1909f56bfc062723c751e8b465ee728b)
Start importing Assets/cars/Best Sports CARS - Pro 3D Models/Vehicle/SportCar20/Meshes/Materials/Usa_Number_3.mat using Guid(062a23b74c9d54a40af8bd76e35e1b57) Importer(815301076,1909f56bfc062723c751e8b465ee728b)  -> (artifact id: '5607a2a2c3e9b862cb82a49a8511f2bf') in 0.013776 seconds 
========================================================================
Received Import Request.
  Time since last request: 0.000026 seconds.
  path: Assets/cars/Best Sports CARS - Pro 3D Models/Vehicle/SportCar20/Meshes/Materials/Usa_Number_4.mat
  artifactKey: Guid(6465b763d741e46409f3c1ca6085a7c8) Importer(815301076,1909f56bfc062723c751e8b465ee728b)
Start importing Assets/cars/Best Sports CARS - Pro 3D Models/Vehicle/SportCar20/Meshes/Materials/Usa_Number_4.mat using Guid(6465b763d741e46409f3c1ca6085a7c8) Importer(815301076,1909f56bfc062723c751e8b465ee728b)  -> (artifact id: '6d4c4923b3a72ea236d8a0ae5ffbef35') in 0.011335 seconds 
========================================================================
Received Import Request.
  Time since last request: 0.000019 seconds.
  path: Assets/cars/Best Sports CARS - Pro 3D Models/Vehicle/SportCar20/Meshes/Materials/LicensePlateUsAlbedo.mat
  artifactKey: Guid(afa993407efe3d9458380642206b58fd) Importer(815301076,1909f56bfc062723c751e8b465ee728b)
Start importing Assets/cars/Best Sports CARS - Pro 3D Models/Vehicle/SportCar20/Meshes/Materials/LicensePlateUsAlbedo.mat using Guid(afa993407efe3d9458380642206b58fd) Importer(815301076,1909f56bfc062723c751e8b465ee728b)  -> (artifact id: 'f7f33c358dcd57a5daaae0e8557128f0') in 0.014266 seconds 
========================================================================
Received Import Request.
  Time since last request: 0.000022 seconds.
  path: Assets/cars/Best Sports CARS - Pro 3D Models/Vehicle/SportCar20/Meshes/Materials/Paint.mat
  artifactKey: Guid(9fd48feac9006d746980eb35788bf14b) Importer(815301076,1909f56bfc062723c751e8b465ee728b)
Start importing Assets/cars/Best Sports CARS - Pro 3D Models/Vehicle/SportCar20/Meshes/Materials/Paint.mat using Guid(9fd48feac9006d746980eb35788bf14b) Importer(815301076,1909f56bfc062723c751e8b465ee728b)  -> (artifact id: '6c8e8d8dafe5a6feca18459c88dd3872') in 0.068834 seconds 
========================================================================
Received Import Request.
  Time since last request: 88.343648 seconds.
  path: Assets/cars/Best Sports CARS - Pro 3D Models/Main/Textures/LicensePlateEuAlbedo.tga
  artifactKey: Guid(0df4a524803b2f24ca3edfa136607c17) Importer(815301076,1909f56bfc062723c751e8b465ee728b)
Start importing Assets/cars/Best Sports CARS - Pro 3D Models/Main/Textures/LicensePlateEuAlbedo.tga using Guid(0df4a524803b2f24ca3edfa136607c17) Importer(815301076,1909f56bfc062723c751e8b465ee728b)  -> (artifact id: 'a1a471549cf4bf5d9dad57450ead0fca') in 0.050956 seconds 
========================================================================
Received Import Request.
  Time since last request: 0.000016 seconds.
  path: Assets/cars/Best Sports CARS - Pro 3D Models/Main/Textures/LicensePlateUsNormal.tga
  artifactKey: Guid(e1f01a5d748071143aa275c6e784f2ba) Importer(815301076,1909f56bfc062723c751e8b465ee728b)
Start importing Assets/cars/Best Sports CARS - Pro 3D Models/Main/Textures/LicensePlateUsNormal.tga using Guid(e1f01a5d748071143aa275c6e784f2ba) Importer(815301076,1909f56bfc062723c751e8b465ee728b)  -> (artifact id: '1b885d3ff50ec0d7d3c4f033813e842a') in 0.019210 seconds 
========================================================================
Received Import Request.
  Time since last request: 0.000067 seconds.
  path: Assets/cars/Best Sports CARS - Pro 3D Models/Main/Textures/MainMetallicSmoothness.tga
  artifactKey: Guid(932879714a12cdb42bb22b2305f3ab4f) Importer(815301076,1909f56bfc062723c751e8b465ee728b)
Start importing Assets/cars/Best Sports CARS - Pro 3D Models/Main/Textures/MainMetallicSmoothness.tga using Guid(932879714a12cdb42bb22b2305f3ab4f) Importer(815301076,1909f56bfc062723c751e8b465ee728b)  -> (artifact id: '9a2ee6792130eb84c2c2fb11fbe96474') in 0.012787 seconds 
========================================================================
Received Import Request.
  Time since last request: 0.000048 seconds.
  path: Assets/cars/Best Sports CARS - Pro 3D Models/Main/Textures/MainNormal.tga
  artifactKey: Guid(b46a62e0ade980945a5718dbf40dab0f) Importer(815301076,1909f56bfc062723c751e8b465ee728b)
Start importing Assets/cars/Best Sports CARS - Pro 3D Models/Main/Textures/MainNormal.tga using Guid(b46a62e0ade980945a5718dbf40dab0f) Importer(815301076,1909f56bfc062723c751e8b465ee728b)  -> (artifact id: '432b06b6e658fa52b6495e51980fc3a2') in 0.014444 seconds 
========================================================================
Received Import Request.
  Time since last request: 0.000035 seconds.
  path: Assets/cars/Best Sports CARS - Pro 3D Models/Main/Textures/LicensePlateUsMetallicSmoothness.tga
  artifactKey: Guid(8efe46c008604fa4bb7c10014feccf4b) Importer(815301076,1909f56bfc062723c751e8b465ee728b)
Start importing Assets/cars/Best Sports CARS - Pro 3D Models/Main/Textures/LicensePlateUsMetallicSmoothness.tga using Guid(8efe46c008604fa4bb7c10014feccf4b) Importer(815301076,1909f56bfc062723c751e8b465ee728b)  -> (artifact id: 'ff6bb790a34f1c4617781083857175cb') in 0.013465 seconds 
========================================================================
Received Import Request.
  Time since last request: 0.000021 seconds.
  path: Assets/cars/Best Sports CARS - Pro 3D Models/Main/Textures/NumberUSAN.tga
  artifactKey: Guid(c0150beb3cac24a4aa24495ae3667f3e) Importer(815301076,1909f56bfc062723c751e8b465ee728b)
Start importing Assets/cars/Best Sports CARS - Pro 3D Models/Main/Textures/NumberUSAN.tga using Guid(c0150beb3cac24a4aa24495ae3667f3e) Importer(815301076,1909f56bfc062723c751e8b465ee728b)  -> (artifact id: 'b088a9a393317ed0bf4f6efc1a374bc0') in 0.014226 seconds 
========================================================================
Received Import Request.
  Time since last request: 0.000051 seconds.
  path: Assets/cars/Best Sports CARS - Pro 3D Models/Main/Textures/WindowsAlbedo.tga
  artifactKey: Guid(1285ef67c09f7d241841fc30db16c05c) Importer(815301076,1909f56bfc062723c751e8b465ee728b)
Start importing Assets/cars/Best Sports CARS - Pro 3D Models/Main/Textures/WindowsAlbedo.tga using Guid(1285ef67c09f7d241841fc30db16c05c) Importer(815301076,1909f56bfc062723c751e8b465ee728b)  -> (artifact id: 'cad3f07a95ecfc0c76565bb1c897d313') in 0.012983 seconds 
========================================================================
Received Import Request.
  Time since last request: 0.000026 seconds.
  path: Assets/cars/Best Sports CARS - Pro 3D Models/Main/Textures/WindowMetalness.tga
  artifactKey: Guid(0198e5de617db5b4d8bd3ac6fff2a827) Importer(815301076,1909f56bfc062723c751e8b465ee728b)
Start importing Assets/cars/Best Sports CARS - Pro 3D Models/Main/Textures/WindowMetalness.tga using Guid(0198e5de617db5b4d8bd3ac6fff2a827) Importer(815301076,1909f56bfc062723c751e8b465ee728b)  -> (artifact id: '6ccf1056b5037e3e0fd641ee85fa9242') in 0.008872 seconds 
========================================================================
Received Import Request.
  Time since last request: 0.000043 seconds.
  path: Assets/cars/Best Sports CARS - Pro 3D Models/Main/Textures/NumberUSAA.tga
  artifactKey: Guid(a6180b498a8bcf242ae1ab3bea6676d4) Importer(815301076,1909f56bfc062723c751e8b465ee728b)
Start importing Assets/cars/Best Sports CARS - Pro 3D Models/Main/Textures/NumberUSAA.tga using Guid(a6180b498a8bcf242ae1ab3bea6676d4) Importer(815301076,1909f56bfc062723c751e8b465ee728b)  -> (artifact id: '1dfa9ba9c87a080097fe4477df9d2f5e') in 0.011192 seconds 
========================================================================
Received Import Request.
  Time since last request: 0.000020 seconds.
  path: Assets/cars/Best Sports CARS - Pro 3D Models/Main/Textures/LicensePlateEuNormal.tga
  artifactKey: Guid(8aa4e755b4f90cb4a8c62d4c67d5124a) Importer(815301076,1909f56bfc062723c751e8b465ee728b)
Start importing Assets/cars/Best Sports CARS - Pro 3D Models/Main/Textures/LicensePlateEuNormal.tga using Guid(8aa4e755b4f90cb4a8c62d4c67d5124a) Importer(815301076,1909f56bfc062723c751e8b465ee728b)  -> (artifact id: 'c74661fdf76598184c92b77f1747ec7f') in 0.011416 seconds 
========================================================================
Received Import Request.
  Time since last request: 1.527119 seconds.
  path: Assets/cars/Best Sports CARS - Pro 3D Models/Main/Textures/Psd/LicensePlateUsAlbedo.psd
  artifactKey: Guid(ec455ac9a6669714d8fa5677f9e456de) Importer(815301076,1909f56bfc062723c751e8b465ee728b)
Start importing Assets/cars/Best Sports CARS - Pro 3D Models/Main/Textures/Psd/LicensePlateUsAlbedo.psd using Guid(ec455ac9a6669714d8fa5677f9e456de) Importer(815301076,1909f56bfc062723c751e8b465ee728b)  -> (artifact id: '29698b3d393cd0027ca17a9df7363255') in 0.011614 seconds 
========================================================================
Received Import Request.
  Time since last request: 675.037686 seconds.
  path: Assets/cars/car-for-games-unity
  artifactKey: Guid(df4fc3268e102d84086a6adef5050a2e) Importer(815301076,1909f56bfc062723c751e8b465ee728b)
Start importing Assets/cars/car-for-games-unity using Guid(df4fc3268e102d84086a6adef5050a2e) Importer(815301076,1909f56bfc062723c751e8b465ee728b)  -> (artifact id: '83bda9cf420e7ba7cfd938f2a13a31dc') in 0.554777 seconds 
========================================================================
Received Import Request.
  Time since last request: 0.567205 seconds.
  path: Assets/cars/car-for-games-unity/source
  artifactKey: Guid(e2c38fb22e660ef459c7213744e94fbb) Importer(815301076,1909f56bfc062723c751e8b465ee728b)
Start importing Assets/cars/car-for-games-unity/source using Guid(e2c38fb22e660ef459c7213744e94fbb) Importer(815301076,1909f56bfc062723c751e8b465ee728b)  -> (artifact id: '2bb1b2419382bba6f95fc4747409e4fe') in 0.005749 seconds 
========================================================================
Received Import Request.
  Time since last request: 1.172642 seconds.
  path: Assets/cars/car-for-games-unity/source/Unity2Skfb
  artifactKey: Guid(1f188e860dde91a48922d02da1b47586) Importer(815301076,1909f56bfc062723c751e8b465ee728b)
Start importing Assets/cars/car-for-games-unity/source/Unity2Skfb using Guid(1f188e860dde91a48922d02da1b47586) Importer(815301076,1909f56bfc062723c751e8b465ee728b)  -> (artifact id: 'dd53370fe62bb9de7c93de01e7687264') in 0.005760 seconds 
========================================================================
Received Import Request.
  Time since last request: 0.422303 seconds.
  path: Assets/cars/car-for-games-unity/source/Unity2Skfb/15930_WindowMetalness.png
  artifactKey: Guid(2eaba95f39a5c8846867c8aed50845f6) Importer(815301076,1909f56bfc062723c751e8b465ee728b)
Start importing Assets/cars/car-for-games-unity/source/Unity2Skfb/15930_WindowMetalness.png using Guid(2eaba95f39a5c8846867c8aed50845f6) Importer(815301076,1909f56bfc062723c751e8b465ee728b)  -> (artifact id: '33004e9662b40e1bc34b65adcf25bcee') in 0.019407 seconds 
========================================================================
Received Import Request.
  Time since last request: 0.000025 seconds.
  path: Assets/cars/car-for-games-unity/source/Unity2Skfb/42928_Tire01Normal.jpg
  artifactKey: Guid(ff51fc829dda39242b048f93e7d1763f) Importer(815301076,1909f56bfc062723c751e8b465ee728b)
Start importing Assets/cars/car-for-games-unity/source/Unity2Skfb/42928_Tire01Normal.jpg using Guid(ff51fc829dda39242b048f93e7d1763f) Importer(815301076,1909f56bfc062723c751e8b465ee728b)  -> (artifact id: '53188410f6f9fbb13e42b926bf1d41a0') in 0.016127 seconds 
========================================================================
Received Import Request.
  Time since last request: 0.000025 seconds.
  path: Assets/cars/car-for-games-unity/source/Unity2Skfb/42912_MainMetallicSmoothness.png
  artifactKey: Guid(19c74f3ed0cd4054a9f856de5321c81a) Importer(815301076,1909f56bfc062723c751e8b465ee728b)
Start importing Assets/cars/car-for-games-unity/source/Unity2Skfb/42912_MainMetallicSmoothness.png using Guid(19c74f3ed0cd4054a9f856de5321c81a) Importer(815301076,1909f56bfc062723c751e8b465ee728b)  -> (artifact id: 'e1c3978dfb13daf3d8afb245e09b9864') in 0.012103 seconds 
========================================================================
Received Import Request.
  Time since last request: 0.000022 seconds.
  path: Assets/cars/car-for-games-unity/source/Unity2Skfb/42924_LicensePlateEuMetallicSmoothness.png
  artifactKey: Guid(42627c9eb03f9f84e9d7fdb74126cce5) Importer(815301076,1909f56bfc062723c751e8b465ee728b)
Start importing Assets/cars/car-for-games-unity/source/Unity2Skfb/42924_LicensePlateEuMetallicSmoothness.png using Guid(42627c9eb03f9f84e9d7fdb74126cce5) Importer(815301076,1909f56bfc062723c751e8b465ee728b)  -> (artifact id: '4603fb007daec7a88cce7f3d109a3d88') in 0.014897 seconds 
========================================================================
Received Import Request.
  Time since last request: 0.000030 seconds.
  path: Assets/cars/car-for-games-unity/source/Unity2Skfb/42938_WindowMetalness.png
  artifactKey: Guid(bb60d8d6c2b374f45a801015d4dcab64) Importer(815301076,1909f56bfc062723c751e8b465ee728b)
Start importing Assets/cars/car-for-games-unity/source/Unity2Skfb/42938_WindowMetalness.png using Guid(bb60d8d6c2b374f45a801015d4dcab64) Importer(815301076,1909f56bfc062723c751e8b465ee728b)  -> (artifact id: 'c5f6c584665412f652ed029113c36373') in 0.009219 seconds 
========================================================================
Received Import Request.
  Time since last request: 0.000034 seconds.
  path: Assets/cars/car-for-games-unity/source/Unity2Skfb/42916_NumberEUN.jpg
  artifactKey: Guid(4cda693e8f8bdf14ebfa57e15f89569b) Importer(815301076,1909f56bfc062723c751e8b465ee728b)
Start importing Assets/cars/car-for-games-unity/source/Unity2Skfb/42916_NumberEUN.jpg using Guid(4cda693e8f8bdf14ebfa57e15f89569b) Importer(815301076,1909f56bfc062723c751e8b465ee728b)  -> (artifact id: '103dba9e8e2e3ef5b75a9fff1fc2a402') in 0.011142 seconds 
========================================================================
Received Import Request.
  Time since last request: 0.000032 seconds.
  path: Assets/cars/car-for-games-unity/source/Unity2Skfb/42920_LicensePlateEuNormal.jpg
  artifactKey: Guid(8436fe6f94011204aad53602f3939fc6) Importer(815301076,1909f56bfc062723c751e8b465ee728b)
Start importing Assets/cars/car-for-games-unity/source/Unity2Skfb/42920_LicensePlateEuNormal.jpg using Guid(8436fe6f94011204aad53602f3939fc6) Importer(815301076,1909f56bfc062723c751e8b465ee728b)  -> (artifact id: 'c96c59de0d6a1a5cb74ccdecb3f776e8') in 0.009089 seconds 
========================================================================
Received Import Request.
  Time since last request: 0.000032 seconds.
  path: Assets/cars/car-for-games-unity/source/Unity2Skfb/16216_LicensePlateEuAlbedo.png
  artifactKey: Guid(f738bb8d69deb904891ac48b0cc11cc5) Importer(815301076,1909f56bfc062723c751e8b465ee728b)
Start importing Assets/cars/car-for-games-unity/source/Unity2Skfb/16216_LicensePlateEuAlbedo.png using Guid(f738bb8d69deb904891ac48b0cc11cc5) Importer(815301076,1909f56bfc062723c751e8b465ee728b)  -> (artifact id: '825a8e9f4a5f9fd864592ad9fdeed8ab') in 0.012406 seconds 
========================================================================
Received Import Request.
  Time since last request: 0.000025 seconds.
  path: Assets/cars/car-for-games-unity/source/Unity2Skfb/42900_BodyNormal.jpg
  artifactKey: Guid(4967a447a95625d4798680eb96574d26) Importer(815301076,1909f56bfc062723c751e8b465ee728b)
Start importing Assets/cars/car-for-games-unity/source/Unity2Skfb/42900_BodyNormal.jpg using Guid(4967a447a95625d4798680eb96574d26) Importer(815301076,1909f56bfc062723c751e8b465ee728b)  -> (artifact id: 'c5a401783617389acf6a280a3df42b7a') in 0.011304 seconds 
========================================================================
Received Import Request.
  Time since last request: 0.000029 seconds.
  path: Assets/cars/car-for-games-unity/source/Unity2Skfb/15978_MainAlbedo.png
  artifactKey: Guid(956c71dae57fe28438a2033209339a18) Importer(815301076,1909f56bfc062723c751e8b465ee728b)
Start importing Assets/cars/car-for-games-unity/source/Unity2Skfb/15978_MainAlbedo.png using Guid(956c71dae57fe28438a2033209339a18) Importer(815301076,1909f56bfc062723c751e8b465ee728b)  -> (artifact id: '7b742d2584d6a49455764b704dd6f064') in 14.915900 seconds 
========================================================================
Received Import Request.
  Time since last request: 0.000030 seconds.
  path: Assets/cars/car-for-games-unity/textures/42904_BodyMetallicSmoothness@channels=G.png
  artifactKey: Guid(2d3cdfe0556465c40a4836edc1f718f3) Importer(815301076,1909f56bfc062723c751e8b465ee728b)
Start importing Assets/cars/car-for-games-unity/textures/42904_BodyMetallicSmoothness@channels=G.png using Guid(2d3cdfe0556465c40a4836edc1f718f3) Importer(815301076,1909f56bfc062723c751e8b465ee728b)  -> (artifact id: '00000000000000000000000000000000') in 2.082672 seconds  code(4) message(Build asset version error: assets/cars/car-for-games-unity/textures/42904_bodymetallicsmoothness@channels=g.png in SourceAssetDB has modification time of '2020-10-28T21:30:34Z' while content on disk has modification time of '0001-01-01T00:00:00Z' with error code 2
Stacktrace:
0x00007ff724a7acbd (Unity) StackWalker::GetCurrentCallstack
0x00007ff724a81999 (Unity) StackWalker::ShowCallstack
0x00007ff7259e88a3 (Unity) GetStacktrace
0x00007ff725d86ab4 (Unity) GetAssetHashAndValidate
0x00007ff725d82018 (Unity) AssetVersionBuilder::BuildHashOfSourceAssetArray
0x00007ff725d7ffed (Unity) AssetVersionBuilder::BuildAssetVersion
0x00007ff725d075ba (Unity) CreateAssetVersionBuilder
0x00007ff725d0e0b3 (Unity) ImportToObjects
0x00007ff725d0cde3 (Unity) ImportAsset
0x00007ff725d2f822 (Unity) AssetImportWorker::Import
0x00007ff725d96764 (Unity) <lambda_61a9544df00a9e76ece93a9d8f6ff838>::operator()
0x00007ff725dd7322 (Unity) asio::detail::completion_handler<core::mutable_function<void __cdecl(void)>,asio::io_context::basic_executor_type<std::allocator<void>,0> >::do_complete
0x00007ff725dc320e (Unity) asio::detail::win_iocp_io_context::do_one
0x00007ff725dc4e74 (Unity) asio::detail::win_iocp_io_context::run
0x00007ff725dd570e (Unity) IOService::Run
0x00007ff725da831f (Unity) AssetImportWorkerClient::Run
0x00007ff725d72363 (Unity) RunAssetImportWorkerClientV2
0x00007ff725d723eb (Unity) RunAssetImporterV2
0x00007ff725592858 (Unity) Application::InitializeProject
0x00007ff7259f2ff8 (Unity) WinMain
0x00007ff726d94fbe (Unity) __scrt_common_main_seh
0x00007fff259674b4 (KERNEL32) BaseThreadInitThunk
0x00007fff25aa26a1 (ntdll) RtlUserThreadStart
)
  ERROR: Build asset version error: assets/cars/car-for-games-unity/textures/42904_bodymetallicsmoothness@channels=g.png in SourceAssetDB has modification time of '2020-10-28T21:30:34Z' while content on disk has modification time of '0001-01-01T00:00:00Z' with error code 2
Stacktrace:
0x00007ff724a7acbd (Unity) StackWalker::GetCurrentCallstack
0x00007ff724a81999 (Unity) StackWalker::ShowCallstack
0x00007ff7259e88a3 (Unity) GetStacktrace
0x00007ff725d86ab4 (Unity) GetAssetHashAndValidate
0x00007ff725d82018 (Unity) AssetVersionBuilder::BuildHashOfSourceAssetArray
0x00007ff725d7ffed (Unity) AssetVersionBuilder::BuildAssetVersion
0x00007ff725d075ba (Unity) CreateAssetVersionBuilder
0x00007ff725d0e0b3 (Unity) ImportToObjects
0x00007ff725d0cde3 (Unity) ImportAsset
0x00007ff725d2f822 (Unity) AssetImportWorker::Import
0x00007ff725d96764 (Unity) <lambda_61a9544df00a9e76ece93a9d8f6ff838>::operator()
0x00007ff725dd7322 (Unity) asio::detail::completion_handler<core::mutable_function<void __cdecl(void)>,asio::io_context::basic_executor_type<std::allocator<void>,0> >::do_complete
0x00007ff725dc320e (Unity) asio::detail::win_iocp_io_context::do_one
0x00007ff725dc4e74 (Unity) asio::detail::win_iocp_io_context::run
0x00007ff725dd570e (Unity) IOService::Run
0x00007ff725da831f (Unity) AssetImportWorkerClient::Run
0x00007ff725d72363 (Unity) RunAssetImportWorkerClientV2
0x00007ff725d723eb (Unity) RunAssetImporterV2
0x00007ff725592858 (Unity) Application::InitializeProject
0x00007ff7259f2ff8 (Unity) WinMain
0x00007ff726d94fbe (Unity) __scrt_common_main_seh
0x00007fff259674b4 (KERNEL32) BaseThreadInitThunk
0x00007fff25aa26a1 (ntdll) RtlUserThreadStart

Editor requested this worker to shutdown with reason: Scaling down because of idle timeout
AssetImportWorker is now disconnected from the server
Process exiting
Exiting without the bug reporter. Application will terminate with return code 0